<?xml version="1.0" encoding="UTF-8"?>
<!-- Generated by org.testng.reporters.JUnitXMLReporter -->
<testsuite ignored="0" hostname="DESKTOP-5F7SE9U" failures="0" tests="5" name="Default test" time="29.361" errors="0" timestamp="2025-10-23T19:52:29 IST">
  <testcase classname="sample.Sample4" name="Login" time="1.327"/>
  <testcase classname="sample.Sample4" name="Login" time="0.676"/>
  <testcase classname="sample.Sample4" name="Login" time="1.079"/>
  <testcase classname="sample.Sample4" name="Login" time="6.42"/>
  <testcase classname="sample.Sample4" name="Login" time="1.11"/>
</testsuite> <!-- Default test -->
