<?xml version="1.0" encoding="UTF-8"?>
<!-- Generated by org.testng.reporters.JUnitReportReporter -->
<testsuite hostname="DESKTOP-5F7SE9U" failures="0" tests="3" name="com.qa.tests.SingleProduct" time="90.162" errors="0" timestamp="2025-11-07T16:56:33 IST" skipped="0">
  <testcase classname="com.qa.tests.SingleProduct" name="testCompleteProductPurchaseFlow" time="36.266"/>
  <testcase classname="com.qa.tests.SingleProduct" name="testCompleteProductPurchaseFlow" time="25.322"/>
  <testcase classname="com.qa.tests.SingleProduct" name="testCompleteProductPurchaseFlow" time="28.574"/>
</testsuite> <!-- com.qa.tests.SingleProduct -->
