<?xml version="1.0" encoding="UTF-8"?>
<!-- Generated by org.testng.reporters.JUnitReportReporter -->
<testsuite hostname="DESKTOP-5F7SE9U" failures="0" tests="5" name="sample.Sample4" time="27.858" errors="0" timestamp="2025-10-23T19:52:30 IST" skipped="0">
  <testcase classname="sample.Sample4" name="Login" time="4.981"/>
  <testcase classname="sample.Sample4" name="Login" time="3.252"/>
  <testcase classname="sample.Sample4" name="Login" time="10.438"/>
  <testcase classname="sample.Sample4" name="Login" time="3.879"/>
  <testcase classname="sample.Sample4" name="Login" time="5.308"/>
</testsuite> <!-- sample.Sample4 -->
