<?xml version="1.0" encoding="UTF-8"?>
<!-- Generated by org.testng.reporters.JUnitXMLReporter -->
<testsuite ignored="0" hostname="DESKTOP-5F7SE9U" failures="1" tests="2" name="EdgeTest" time="83.882" errors="0" timestamp="2025-10-31T11:19:46 IST">
  <testcase classname="com.qa.tests.SingleProduct" name="testCompleteProductPurchaseFlow" time="30.346">
    <skipped/>
  </testcase> <!-- testCompleteProductPurchaseFlow -->
  <testcase classname="com.qa.tests.SingleProduct" name="testCompleteProductPurchaseFlow" time="30.356">
    <failure type="org.openqa.selenium.TimeoutException" message="timeout: Timed out receiving message from renderer: 30.000
  (Session info: MicrosoftEdge=141.0.3537.99)
Build info: version: &amp;apos;4.37.0&amp;apos;, revision: &amp;apos;3c1da1e342&amp;apos;
System info: os.name: &amp;apos;Windows 11&amp;apos;, os.arch: &amp;apos;amd64&amp;apos;, os.version: &amp;apos;10.0&amp;apos;, java.version: &amp;apos;25&amp;apos;
Driver info: org.openqa.selenium.edge.EdgeDriver
Command: [ee5a74efe86683c79d48c1f40c703be4, sendKeysToElement {value=[Ljava.lang.CharSequence;@2009f9b0, id=f.BEB9BA1CD298BF1626C4D4B1CAED3269.d.7C4EA59A2FAECF18ED86F9982DA8D999.e.39}]
Capabilities {acceptInsecureCerts: false, browserName: MicrosoftEdge, browserVersion: 141.0.3537.99, fedcm:accounts: true, ms:edgeOptions: {debuggerAddress: localhost:59587}, msedge: {msedgedriverVersion: 141.0.3537.99 (1b2f83d6a142..., userDataDir: C:\Users\admin\AppData\Loca...}, networkConnectionEnabled: false, pageLoadStrategy: normal, platformName: windows, proxy: Proxy(), se:cdp: ws://localhost:59587/devtoo..., se:cdpVersion: 141.0.3537.99, setWindowRect: true, strictFileInteractability: false, timeouts: {implicit: 0, pageLoad: 300000, script: 30000}, unhandledPromptBehavior: dismiss and notify, webauthn:extension:credBlob: true, webauthn:extension:largeBlob: true, webauthn:extension:minPinLength: true, webauthn:extension:prf: true, webauthn:virtualAuthenticators: true}
Element: [[EdgeDriver: MicrosoftEdge on windows (ee5a74efe86683c79d48c1f40c703be4)] -&amp;gt; id: password]
Session ID: ee5a74efe86683c79d48c1f40c703be4">
      <![CDATA[org.openqa.selenium.TimeoutException: timeout: Timed out receiving message from renderer: 30.000
  (Session info: MicrosoftEdge=141.0.3537.99)
Build info: version: '4.37.0', revision: '3c1da1e342'
System info: os.name: 'Windows 11', os.arch: 'amd64', os.version: '10.0', java.version: '25'
Driver info: org.openqa.selenium.edge.EdgeDriver
Command: [ee5a74efe86683c79d48c1f40c703be4, sendKeysToElement {value=[Ljava.lang.CharSequence;@2009f9b0, id=f.BEB9BA1CD298BF1626C4D4B1CAED3269.d.7C4EA59A2FAECF18ED86F9982DA8D999.e.39}]
Capabilities {acceptInsecureCerts: false, browserName: MicrosoftEdge, browserVersion: 141.0.3537.99, fedcm:accounts: true, ms:edgeOptions: {debuggerAddress: localhost:59587}, msedge: {msedgedriverVersion: 141.0.3537.99 (1b2f83d6a142..., userDataDir: C:\Users\admin\AppData\Loca...}, networkConnectionEnabled: false, pageLoadStrategy: normal, platformName: windows, proxy: Proxy(), se:cdp: ws://localhost:59587/devtoo..., se:cdpVersion: 141.0.3537.99, setWindowRect: true, strictFileInteractability: false, timeouts: {implicit: 0, pageLoad: 300000, script: 30000}, unhandledPromptBehavior: dismiss and notify, webauthn:extension:credBlob: true, webauthn:extension:largeBlob: true, webauthn:extension:minPinLength: true, webauthn:extension:prf: true, webauthn:virtualAuthenticators: true}
Element: [[EdgeDriver: MicrosoftEdge on windows (ee5a74efe86683c79d48c1f40c703be4)] -> id: password]
Session ID: ee5a74efe86683c79d48c1f40c703be4
at org.openqa.selenium.remote.ErrorCodec.decode(ErrorCodec.java:167)
at org.openqa.selenium.remote.codec.w3c.W3CHttpResponseCodec.decode(W3CHttpResponseCodec.java:138)
at org.openqa.selenium.remote.codec.w3c.W3CHttpResponseCodec.decode(W3CHttpResponseCodec.java:50)
at org.openqa.selenium.remote.HttpCommandExecutor.execute(HttpCommandExecutor.java:215)
at org.openqa.selenium.remote.service.DriverCommandExecutor.invokeExecute(DriverCommandExecutor.java:216)
at org.openqa.selenium.remote.service.DriverCommandExecutor.execute(DriverCommandExecutor.java:174)
at org.openqa.selenium.remote.RemoteWebDriver.execute(RemoteWebDriver.java:557)
at org.openqa.selenium.remote.RemoteWebElement.execute(RemoteWebElement.java:223)
at org.openqa.selenium.remote.RemoteWebElement.sendKeys(RemoteWebElement.java:110)
at com.qa.pageEvents.LoginPageEvents.enterCreds(LoginPageEvents.java:23)
at com.qa.tests.SingleProduct.testCompleteProductPurchaseFlow(SingleProduct.java:14)
at java.base/java.util.ArrayList.forEach(ArrayList.java:1604)
... Removed 28 stack frames]]>
    </failure>
  </testcase> <!-- testCompleteProductPurchaseFlow -->
</testsuite> <!-- EdgeTest -->
