<?xml version="1.0" encoding="UTF-8"?>
<!-- Generated by org.testng.reporters.JUnitXMLReporter -->
<testsuite ignored="0" hostname="DESKTOP-5F7SE9U" failures="0" tests="1" name="TestSuite" time="0.904" errors="0" timestamp="2025-10-31T11:08:15 IST">
  <testcase classname="com.qa.base.Base" name="@BeforeMethod beforeMethod" time="0.012">
    <failure type="java.lang.NullPointerException" message="Cannot invoke &amp;quot;org.openqa.selenium.WebDriver.manage()&amp;quot; because &amp;quot;com.qa.base.Base.driver&amp;quot; is null">
      <![CDATA[java.lang.NullPointerException: Cannot invoke "org.openqa.selenium.WebDriver.manage()" because "com.qa.base.Base.driver" is null
at com.qa.base.Base.beforeMethod(Base.java:51)
at java.base/java.util.ArrayList.forEach(ArrayList.java:1604)
... Removed 29 stack frames]]>
    </failure>
  </testcase> <!-- @BeforeMethod beforeMethod -->
  <testcase classname="com.qa.base.Base" name="@AfterMethod afterMethod" time="0.0">
    <skipped/>
  </testcase> <!-- @AfterMethod afterMethod -->
  <testcase classname="com.qa.tests.SingleProduct" name="testCompleteProductPurchaseFlow" time="0.001">
    <skipped/>
  </testcase> <!-- testCompleteProductPurchaseFlow -->
</testsuite> <!-- TestSuite -->
