<?xml version="1.0" encoding="UTF-8"?>
<testng-results ignored="0" total="3" passed="3" failed="0" skipped="0">
  <reporter-output>
  </reporter-output>
  <suite started-at="2025-11-07T16:55:01 IST" name="Swaglab_Automation_TestSuite" finished-at="2025-11-07T16:56:33 IST" duration-ms="91573">
    <groups>
    </groups>
    <test started-at="2025-11-07T16:55:01 IST" name="ChromeTest" finished-at="2025-11-07T16:55:31 IST" duration-ms="29632">
      <class name="com.qa.tests.SingleProduct">
        <test-method is-config="true" signature="beforeTest()[pri:0, instance:com.qa.tests.SingleProduct@7ec7ffd3]" started-at="2025-11-07T16:55:01 IST" name="beforeTest" finished-at="2025-11-07T16:55:02 IST" duration-ms="339" status="PASS">
          <reporter-output>
          </reporter-output>
        </test-method> <!-- beforeTest -->
        <test-method is-config="true" signature="beforeMethod(java.lang.String,java.lang.reflect.Method)[pri:0, instance:com.qa.tests.SingleProduct@7ec7ffd3]" started-at="2025-11-07T16:55:02 IST" name="beforeMethod" finished-at="2025-11-07T16:55:09 IST" duration-ms="7081" status="PASS">
          <params>
            <param index="0">
              <value>
                <![CDATA[chrome]]>
              </value>
            </param>
            <param index="1">
              <value>
                <![CDATA[public void com.qa.tests.SingleProduct.testCompleteProductPurchaseFlow() throws java.lang.InterruptedException]]>
              </value>
            </param>
          </params>
          <reporter-output>
          </reporter-output>
        </test-method> <!-- beforeMethod -->
        <test-method signature="testCompleteProductPurchaseFlow()[pri:0, instance:com.qa.tests.SingleProduct@7ec7ffd3]" started-at="2025-11-07T16:55:09 IST" name="testCompleteProductPurchaseFlow" description="Complete flow: Login -&gt; Select Product -&gt; Add to Cart" finished-at="2025-11-07T16:55:30 IST" duration-ms="20771" status="PASS">
          <reporter-output>
          </reporter-output>
        </test-method> <!-- testCompleteProductPurchaseFlow -->
        <test-method is-config="true" signature="afterMethod(org.testng.ITestResult)[pri:0, instance:com.qa.tests.SingleProduct@7ec7ffd3]" started-at="2025-11-07T16:55:30 IST" name="afterMethod" finished-at="2025-11-07T16:55:30 IST" duration-ms="722" status="PASS">
          <params>
            <param index="0">
              <value>
                <![CDATA[[TestResult name=testCompleteProductPurchaseFlow status=SUCCESS method=SingleProduct.testCompleteProductPurchaseFlow()[pri:0, instance:com.qa.tests.SingleProduct@7ec7ffd3] output={null}]]]>
              </value>
            </param>
          </params>
          <reporter-output>
          </reporter-output>
        </test-method> <!-- afterMethod -->
        <test-method is-config="true" signature="afterTest()[pri:0, instance:com.qa.tests.SingleProduct@7ec7ffd3]" started-at="2025-11-07T16:55:30 IST" name="afterTest" finished-at="2025-11-07T16:55:31 IST" duration-ms="675" status="PASS">
          <reporter-output>
          </reporter-output>
        </test-method> <!-- afterTest -->
      </class> <!-- com.qa.tests.SingleProduct -->
    </test> <!-- ChromeTest -->
    <test started-at="2025-11-07T16:55:31 IST" name="FirefoxTest" finished-at="2025-11-07T16:56:07 IST" duration-ms="36371">
      <class name="com.qa.tests.SingleProduct">
        <test-method is-config="true" signature="beforeTest()[pri:0, instance:com.qa.tests.SingleProduct@3c19aaa5]" started-at="2025-11-07T16:55:31 IST" name="beforeTest" finished-at="2025-11-07T16:55:31 IST" duration-ms="2" status="PASS">
          <reporter-output>
          </reporter-output>
        </test-method> <!-- beforeTest -->
        <test-method is-config="true" signature="beforeMethod(java.lang.String,java.lang.reflect.Method)[pri:0, instance:com.qa.tests.SingleProduct@3c19aaa5]" started-at="2025-11-07T16:55:31 IST" name="beforeMethod" finished-at="2025-11-07T16:55:44 IST" duration-ms="13279" status="PASS">
          <params>
            <param index="0">
              <value>
                <![CDATA[Firefox]]>
              </value>
            </param>
            <param index="1">
              <value>
                <![CDATA[public void com.qa.tests.SingleProduct.testCompleteProductPurchaseFlow() throws java.lang.InterruptedException]]>
              </value>
            </param>
          </params>
          <reporter-output>
          </reporter-output>
        </test-method> <!-- beforeMethod -->
        <test-method signature="testCompleteProductPurchaseFlow()[pri:0, instance:com.qa.tests.SingleProduct@3c19aaa5]" started-at="2025-11-07T16:55:44 IST" name="testCompleteProductPurchaseFlow" description="Complete flow: Login -&gt; Select Product -&gt; Add to Cart" finished-at="2025-11-07T16:56:05 IST" duration-ms="20406" status="PASS">
          <reporter-output>
          </reporter-output>
        </test-method> <!-- testCompleteProductPurchaseFlow -->
        <test-method is-config="true" signature="afterMethod(org.testng.ITestResult)[pri:0, instance:com.qa.tests.SingleProduct@3c19aaa5]" started-at="2025-11-07T16:56:05 IST" name="afterMethod" finished-at="2025-11-07T16:56:07 IST" duration-ms="2581" status="PASS">
          <params>
            <param index="0">
              <value>
                <![CDATA[[TestResult name=testCompleteProductPurchaseFlow status=SUCCESS method=SingleProduct.testCompleteProductPurchaseFlow()[pri:0, instance:com.qa.tests.SingleProduct@3c19aaa5] output={null}]]]>
              </value>
            </param>
          </params>
          <reporter-output>
          </reporter-output>
        </test-method> <!-- afterMethod -->
        <test-method is-config="true" signature="afterTest()[pri:0, instance:com.qa.tests.SingleProduct@3c19aaa5]" started-at="2025-11-07T16:56:07 IST" name="afterTest" finished-at="2025-11-07T16:56:07 IST" duration-ms="98" status="PASS">
          <reporter-output>
          </reporter-output>
        </test-method> <!-- afterTest -->
      </class> <!-- com.qa.tests.SingleProduct -->
    </test> <!-- FirefoxTest -->
    <test started-at="2025-11-07T16:56:07 IST" name="EdgeTest" finished-at="2025-11-07T16:56:33 IST" duration-ms="25515">
      <class name="com.qa.tests.SingleProduct">
        <test-method is-config="true" signature="beforeTest()[pri:0, instance:com.qa.tests.SingleProduct@409bf450]" started-at="2025-11-07T16:56:07 IST" name="beforeTest" finished-at="2025-11-07T16:56:07 IST" duration-ms="1" status="PASS">
          <reporter-output>
          </reporter-output>
        </test-method> <!-- beforeTest -->
        <test-method is-config="true" signature="beforeMethod(java.lang.String,java.lang.reflect.Method)[pri:0, instance:com.qa.tests.SingleProduct@409bf450]" started-at="2025-11-07T16:56:07 IST" name="beforeMethod" finished-at="2025-11-07T16:56:12 IST" duration-ms="4477" status="PASS">
          <params>
            <param index="0">
              <value>
                <![CDATA[Edge]]>
              </value>
            </param>
            <param index="1">
              <value>
                <![CDATA[public void com.qa.tests.SingleProduct.testCompleteProductPurchaseFlow() throws java.lang.InterruptedException]]>
              </value>
            </param>
          </params>
          <reporter-output>
          </reporter-output>
        </test-method> <!-- beforeMethod -->
        <test-method signature="testCompleteProductPurchaseFlow()[pri:0, instance:com.qa.tests.SingleProduct@409bf450]" started-at="2025-11-07T16:56:12 IST" name="testCompleteProductPurchaseFlow" description="Complete flow: Login -&gt; Select Product -&gt; Add to Cart" finished-at="2025-11-07T16:56:32 IST" duration-ms="20256" status="PASS">
          <reporter-output>
          </reporter-output>
        </test-method> <!-- testCompleteProductPurchaseFlow -->
        <test-method is-config="true" signature="afterMethod(org.testng.ITestResult)[pri:0, instance:com.qa.tests.SingleProduct@409bf450]" started-at="2025-11-07T16:56:32 IST" name="afterMethod" finished-at="2025-11-07T16:56:33 IST" duration-ms="589" status="PASS">
          <params>
            <param index="0">
              <value>
                <![CDATA[[TestResult name=testCompleteProductPurchaseFlow status=SUCCESS method=SingleProduct.testCompleteProductPurchaseFlow()[pri:0, instance:com.qa.tests.SingleProduct@409bf450] output={null}]]]>
              </value>
            </param>
          </params>
          <reporter-output>
          </reporter-output>
        </test-method> <!-- afterMethod -->
        <test-method is-config="true" signature="afterTest()[pri:0, instance:com.qa.tests.SingleProduct@409bf450]" started-at="2025-11-07T16:56:33 IST" name="afterTest" finished-at="2025-11-07T16:56:33 IST" duration-ms="182" status="PASS">
          <reporter-output>
          </reporter-output>
        </test-method> <!-- afterTest -->
      </class> <!-- com.qa.tests.SingleProduct -->
    </test> <!-- EdgeTest -->
  </suite> <!-- Swaglab_Automation_TestSuite -->
</testng-results>
